[2026-01-07 15:06:55,865: INFO: app: this is test logg]
[2026-01-07 15:07:20,460: INFO: app: this is test logg]
[2026-01-07 17:14:03,255: INFO: common: yaml file: config\config.yaml loaded successfully]
[2026-01-07 17:14:03,257: INFO: common: yaml file: params.yaml loaded successfully]
[2026-01-07 17:14:32,835: INFO: common: yaml file: config\config.yaml loaded successfully]
[2026-01-07 17:14:32,838: INFO: common: yaml file: params.yaml loaded successfully]
[2026-01-07 17:14:32,839: INFO: common: created directory at: artifacts]
[2026-01-07 17:14:32,841: INFO: common: created directory at: artifacts/data_ingestion]
[2026-01-07 17:14:37,251: INFO: 609305318: File is downloaded]
[2026-01-07 17:24:38,691: INFO: main: stage Data Ingestion stage initiated]
[2026-01-07 17:24:38,693: INFO: common: yaml file: config\config.yaml loaded successfully]
[2026-01-07 17:24:38,693: INFO: common: yaml file: params.yaml loaded successfully]
[2026-01-07 17:24:38,694: INFO: common: created directory at: artifacts]
[2026-01-07 17:24:38,694: INFO: common: created directory at: artifacts/data_ingestion]
[2026-01-07 17:24:38,695: INFO: data_ingestion: File already exits]
[2026-01-07 17:24:38,829: INFO: main: Stage Data Ingestion stage Completed]
[2026-01-08 08:24:17,030: INFO: common: yaml file: config\config.yaml loaded successfully]
[2026-01-08 08:24:17,040: INFO: common: yaml file: params.yaml loaded successfully]
[2026-01-08 08:24:17,042: INFO: common: created directory at: artifacts]
[2026-01-08 08:24:17,044: INFO: common: created directory at: artifacts/data_transformation]
[2026-01-08 08:24:17,360: WARNING: _http: '(MaxRetryError("HTTPSConnectionPool(host='huggingface.co', port=443): Max retries exceeded with url: /google/pegasus-cnn_dailymail/resolve/main/tokenizer_config.json (Caused by SSLError(SSLCertVerificationError(1, '[SSL: CERTIFICATE_VERIFY_FAILED] certificate verify failed: unable to get local issuer certificate (_ssl.c:1006)')))"), '(Request ID: 88d00c21-cec6-47bd-96e3-9320e944af96)')' thrown while requesting HEAD https://huggingface.co/google/pegasus-cnn_dailymail/resolve/main/tokenizer_config.json]
[2026-01-08 08:24:17,367: WARNING: _http: Retrying in 1s [Retry 1/5].]
[2026-01-08 08:24:18,654: WARNING: _http: '(MaxRetryError("HTTPSConnectionPool(host='huggingface.co', port=443): Max retries exceeded with url: /google/pegasus-cnn_dailymail/resolve/main/tokenizer_config.json (Caused by SSLError(SSLCertVerificationError(1, '[SSL: CERTIFICATE_VERIFY_FAILED] certificate verify failed: unable to get local issuer certificate (_ssl.c:1006)')))"), '(Request ID: 36a1107c-b090-4067-884c-b53d224fd0eb)')' thrown while requesting HEAD https://huggingface.co/google/pegasus-cnn_dailymail/resolve/main/tokenizer_config.json]
[2026-01-08 08:24:18,655: WARNING: _http: Retrying in 2s [Retry 2/5].]
[2026-01-08 08:24:20,931: WARNING: _http: '(MaxRetryError("HTTPSConnectionPool(host='huggingface.co', port=443): Max retries exceeded with url: /google/pegasus-cnn_dailymail/resolve/main/tokenizer_config.json (Caused by SSLError(SSLCertVerificationError(1, '[SSL: CERTIFICATE_VERIFY_FAILED] certificate verify failed: unable to get local issuer certificate (_ssl.c:1006)')))"), '(Request ID: 8a5d274d-33b1-4eeb-93d7-66f33394c628)')' thrown while requesting HEAD https://huggingface.co/google/pegasus-cnn_dailymail/resolve/main/tokenizer_config.json]
[2026-01-08 08:24:20,933: WARNING: _http: Retrying in 4s [Retry 3/5].]
[2026-01-08 08:24:25,268: WARNING: _http: '(MaxRetryError("HTTPSConnectionPool(host='huggingface.co', port=443): Max retries exceeded with url: /google/pegasus-cnn_dailymail/resolve/main/tokenizer_config.json (Caused by SSLError(SSLCertVerificationError(1, '[SSL: CERTIFICATE_VERIFY_FAILED] certificate verify failed: unable to get local issuer certificate (_ssl.c:1006)')))"), '(Request ID: feed92be-62e1-424a-aaef-9e4f9b38add3)')' thrown while requesting HEAD https://huggingface.co/google/pegasus-cnn_dailymail/resolve/main/tokenizer_config.json]
[2026-01-08 08:24:25,270: WARNING: _http: Retrying in 8s [Retry 4/5].]
[2026-01-08 08:24:33,560: WARNING: _http: '(MaxRetryError("HTTPSConnectionPool(host='huggingface.co', port=443): Max retries exceeded with url: /google/pegasus-cnn_dailymail/resolve/main/tokenizer_config.json (Caused by SSLError(SSLCertVerificationError(1, '[SSL: CERTIFICATE_VERIFY_FAILED] certificate verify failed: unable to get local issuer certificate (_ssl.c:1006)')))"), '(Request ID: 8e8d0da1-96d6-4371-a245-616f592fc22b)')' thrown while requesting HEAD https://huggingface.co/google/pegasus-cnn_dailymail/resolve/main/tokenizer_config.json]
[2026-01-08 08:24:33,562: WARNING: _http: Retrying in 8s [Retry 5/5].]
[2026-01-08 08:24:41,936: WARNING: _http: '(MaxRetryError("HTTPSConnectionPool(host='huggingface.co', port=443): Max retries exceeded with url: /google/pegasus-cnn_dailymail/resolve/main/tokenizer_config.json (Caused by SSLError(SSLCertVerificationError(1, '[SSL: CERTIFICATE_VERIFY_FAILED] certificate verify failed: unable to get local issuer certificate (_ssl.c:1006)')))"), '(Request ID: 0f0edc39-000b-431f-9f59-47f79fd7a4b0)')' thrown while requesting HEAD https://huggingface.co/google/pegasus-cnn_dailymail/resolve/main/tokenizer_config.json]
[2026-01-08 08:24:52,124: INFO: common: yaml file: config\config.yaml loaded successfully]
[2026-01-08 08:24:52,125: INFO: common: yaml file: params.yaml loaded successfully]
[2026-01-08 08:24:52,126: INFO: common: created directory at: artifacts]
[2026-01-08 08:24:52,127: INFO: common: created directory at: artifacts/data_transformation]
[2026-01-08 08:24:52,408: WARNING: _http: '(MaxRetryError("HTTPSConnectionPool(host='huggingface.co', port=443): Max retries exceeded with url: /google/pegasus-cnn_dailymail/resolve/main/tokenizer_config.json (Caused by SSLError(SSLCertVerificationError(1, '[SSL: CERTIFICATE_VERIFY_FAILED] certificate verify failed: unable to get local issuer certificate (_ssl.c:1006)')))"), '(Request ID: c3cd2d1a-cd06-40c3-b0bf-4c64cd93e5a4)')' thrown while requesting HEAD https://huggingface.co/google/pegasus-cnn_dailymail/resolve/main/tokenizer_config.json]
[2026-01-08 08:24:52,410: WARNING: _http: Retrying in 1s [Retry 1/5].]
[2026-01-08 08:24:53,768: WARNING: _http: '(MaxRetryError("HTTPSConnectionPool(host='huggingface.co', port=443): Max retries exceeded with url: /google/pegasus-cnn_dailymail/resolve/main/tokenizer_config.json (Caused by SSLError(SSLCertVerificationError(1, '[SSL: CERTIFICATE_VERIFY_FAILED] certificate verify failed: unable to get local issuer certificate (_ssl.c:1006)')))"), '(Request ID: d3965914-21c7-4562-beb8-4dbca5a71b3e)')' thrown while requesting HEAD https://huggingface.co/google/pegasus-cnn_dailymail/resolve/main/tokenizer_config.json]
[2026-01-08 08:24:53,771: WARNING: _http: Retrying in 2s [Retry 2/5].]
[2026-01-08 08:24:56,162: WARNING: _http: '(MaxRetryError("HTTPSConnectionPool(host='huggingface.co', port=443): Max retries exceeded with url: /google/pegasus-cnn_dailymail/resolve/main/tokenizer_config.json (Caused by SSLError(SSLCertVerificationError(1, '[SSL: CERTIFICATE_VERIFY_FAILED] certificate verify failed: unable to get local issuer certificate (_ssl.c:1006)')))"), '(Request ID: b71e3adb-8221-4f2f-ac37-b4f6004f05df)')' thrown while requesting HEAD https://huggingface.co/google/pegasus-cnn_dailymail/resolve/main/tokenizer_config.json]
[2026-01-08 08:24:56,164: WARNING: _http: Retrying in 4s [Retry 3/5].]
[2026-01-08 08:26:07,172: INFO: common: yaml file: config\config.yaml loaded successfully]
[2026-01-08 08:26:07,174: INFO: common: yaml file: params.yaml loaded successfully]
[2026-01-08 08:26:07,178: INFO: common: created directory at: artifacts]
[2026-01-08 08:26:07,181: INFO: common: created directory at: artifacts/data_transformation]
[2026-01-08 08:39:10,301: INFO: main: stage Data Ingestion stage initiated]
[2026-01-08 08:39:10,302: INFO: common: yaml file: config\config.yaml loaded successfully]
[2026-01-08 08:39:10,303: INFO: common: yaml file: params.yaml loaded successfully]
[2026-01-08 08:39:10,304: INFO: common: created directory at: artifacts]
[2026-01-08 08:39:10,304: INFO: common: created directory at: artifacts/data_ingestion]
[2026-01-08 08:39:13,312: INFO: data_ingestion: File is downloaded]
[2026-01-08 08:39:13,487: INFO: main: Stage Data Ingestion stage Completed]
[2026-01-08 08:39:13,488: INFO: main: stage Data Transformation stage initiated]
[2026-01-08 08:39:13,489: INFO: common: yaml file: config\config.yaml loaded successfully]
[2026-01-08 08:39:13,490: INFO: common: yaml file: params.yaml loaded successfully]
[2026-01-08 08:39:13,491: INFO: common: created directory at: artifacts]
[2026-01-08 08:39:13,491: INFO: common: created directory at: artifacts/data_transformation]
[2026-01-08 08:39:22,035: INFO: main: Stage Data Transformation stage Completed]
